#
# A fatal error has been detected by the Java Runtime Environment:
#
#  EXCEPTION_ACCESS_VIOLATION (0xc0000005) at pc=0x01b32524, pid=4092, tid=0x00000b44
#
# JRE version: Java(TM) SE Runtime Environment (8.0_101-b13) (build 1.8.0_101-b13)
# Java VM: Java HotSpot(TM) Client VM (25.101-b13 mixed mode windows-x86 )
# Problematic frame:
# j  org.springframework.jmx.export.MBeanExporter.setAutodetectMode(I)V+5
#
# Failed to write core dump. Minidumps are not enabled by default on client versions of Windows
#
# If you would like to submit a bug report, please visit:
#   http://bugreport.java.com/bugreport/crash.jsp
#

---------------  T H R E A D  ---------------

Current thread (0x16cd7000):  JavaThread "restartedMain" [_thread_in_Java, id=2884, stack(0x15b60000,0x15bb0000)]

siginfo: ExceptionCode=0xc0000005, reading address 0x4a005c2c

Registers:
EAX=0x00220017, EBX=0x4a005c00, ECX=0x03d55468, EDX=0x80000002
ESP=0x15bae6b0, EBP=0x15bae6dc, ESI=0x15bae6b4, EDI=0x15bae6e8
EIP=0x01b32524, EFLAGS=0x00010246

Top of Stack: (sp=0x15bae6b0)
0x15bae6b0:   01b24534 0a6d4a70 03d55468 15bae6bc
0x15bae6c0:   161cb445 15bae6e8 1851a170 00000000
0x15bae6d0:   161cb490 15bae6b4 15bae6e4 15bae70c
0x15bae6e0:   01b245d4 00000003 03eac930 15bae6ec
0x15bae6f0:   162a7d5f 15bae714 1851abd0 00000000
0x15bae700:   162a7d80 15bae6e4 15bae714 15bae73c
0x15bae710:   01b245d4 03eac930 03eac930 15bae71c
0x15bae720:   162a5efc 15bae750 162a69d0 00000000 

Instructions: (pc=0x01b32524)
0x01b32504:   00 00 00 3b 01 8d 74 24 04 89 75 f8 ff 63 2c 8b
0x01b32514:   41 04 8b 9c 98 00 01 00 00 8d 74 24 04 89 75 f8
0x01b32524:   ff 63 2c 90 00 00 00 00 00 00 00 00 f0 00 00 00
0x01b32534:   7c 62 61 69 b7 00 00 00 00 00 00 00 83 ec 04 d9 


Register to memory mapping:

EAX=0x00220017 is an unknown value
EBX=0x4a005c00 is an unknown value
ECX=0x03d55468 is pointing into object: 0x03d55428
[S 
 - klass: {type array short}
 - length: 32
EDX=0x80000002 is an unknown value
ESP=0x15bae6b0 is pointing into the stack for thread: 0x16cd7000
EBP=0x15bae6dc is pointing into the stack for thread: 0x16cd7000
ESI=0x15bae6b4 is pointing into the stack for thread: 0x16cd7000
EDI=0x15bae6e8 is pointing into the stack for thread: 0x16cd7000


Stack: [0x15b60000,0x15bb0000],  sp=0x15bae6b0,  free space=313k
Native frames: (J=compiled Java code, j=interpreted, Vv=VM code, C=native code)
j  org.springframework.jmx.export.MBeanExporter.setAutodetectMode(I)V+5
j  org.springframework.jmx.export.annotation.AnnotationMBeanExporter.<init>()V+63
j  org.springframework.boot.autoconfigure.jmx.JmxAutoConfiguration.mbeanExporter(Lorg/springframework/jmx/export/naming/ObjectNamingStrategy;)Lorg/springframework/jmx/export/annotation/AnnotationMBeanExporter;+4
j  org.springframework.boot.autoconfigure.jmx.JmxAutoConfiguration$$EnhancerBySpringCGLIB$$a6f9ea8.CGLIB$mbeanExporter$3(Lorg/springframework/jmx/export/naming/ObjectNamingStrategy;)Lorg/springframework/jmx/export/annotation/AnnotationMBeanExporter;+2
j  org.springframework.boot.autoconfigure.jmx.JmxAutoConfiguration$$EnhancerBySpringCGLIB$$a6f9ea8$$FastClassBySpringCGLIB$$90495b52.invoke(ILjava/lang/Object;[Ljava/lang/Object;)Ljava/lang/Object;+171
j  org.springframework.cglib.proxy.MethodProxy.invokeSuper(Ljava/lang/Object;[Ljava/lang/Object;)Ljava/lang/Object;+19
j  org.springframework.context.annotation.ConfigurationClassEnhancer$BeanMethodInterceptor.intercept(Ljava/lang/Object;Ljava/lang/reflect/Method;[Ljava/lang/Object;Lorg/springframework/cglib/proxy/MethodProxy;)Ljava/lang/Object;+225
j  org.springframework.boot.autoconfigure.jmx.JmxAutoConfiguration$$EnhancerBySpringCGLIB$$a6f9ea8.mbeanExporter(Lorg/springframework/jmx/export/naming/ObjectNamingStrategy;)Lorg/springframework/jmx/export/annotation/AnnotationMBeanExporter;+36
v  ~StubRoutines::call_stub
V  [jvm.dll+0x15a2e5]
V  [jvm.dll+0x21ff6e]
V  [jvm.dll+0x15a37e]
V  [jvm.dll+0x166bc8]
V  [jvm.dll+0x166e33]
V  [jvm.dll+0x103623]
C  [java.dll+0x3b26]
J 2387 C1 sun.reflect.NativeMethodAccessorImpl.invoke(Ljava/lang/Object;[Ljava/lang/Object;)Ljava/lang/Object; (104 bytes) @ 0x01f6f0a4 [0x01f6ee00+0x2a4]
J 476 C1 sun.reflect.DelegatingMethodAccessorImpl.invoke(Ljava/lang/Object;[Ljava/lang/Object;)Ljava/lang/Object; (10 bytes) @ 0x01c7d400 [0x01c7d3d0+0x30]
J 475 C1 java.lang.reflect.Method.invoke(Ljava/lang/Object;[Ljava/lang/Object;)Ljava/lang/Object; (62 bytes) @ 0x01c7d114 [0x01c7d040+0xd4]
j  org.springframework.beans.factory.support.SimpleInstantiationStrategy.instantiate(Lorg/springframework/beans/factory/support/RootBeanDefinition;Ljava/lang/String;Lorg/springframework/beans/factory/BeanFactory;Ljava/lang/Object;Ljava/lang/reflect/Method;[Ljava/lang/Object;)Ljava/lang/Object;+53
J 2374 C1 org.springframework.beans.factory.support.ConstructorResolver.instantiateUsingFactoryMethod(Ljava/lang/String;Lorg/springframework/beans/factory/support/RootBeanDefinition;[Ljava/lang/Object;)Lorg/springframework/beans/BeanWrapper; (1473 bytes) @ 0x01f621bc [0x01f600f0+0x20cc]
j  org.springframework.beans.factory.support.AbstractAutowireCapableBeanFactory.instantiateUsingFactoryMethod(Ljava/lang/String;Lorg/springframework/beans/factory/support/RootBeanDefinition;[Ljava/lang/Object;)Lorg/springframework/beans/BeanWrapper;+11
j  org.springframework.beans.factory.support.AbstractAutowireCapableBeanFactory.createBeanInstance(Ljava/lang/String;Lorg/springframework/beans/factory/support/RootBeanDefinition;[Ljava/lang/Object;)Lorg/springframework/beans/BeanWrapper;+82
j  org.springframework.beans.factory.support.AbstractAutowireCapableBeanFactory.doCreateBean(Ljava/lang/String;Lorg/springframework/beans/factory/support/RootBeanDefinition;[Ljava/lang/Object;)Ljava/lang/Object;+34
j  org.springframework.beans.factory.support.AbstractAutowireCapableBeanFactory.createBean(Ljava/lang/String;Lorg/springframework/beans/factory/support/RootBeanDefinition;[Ljava/lang/Object;)Ljava/lang/Object;+169
j  org.springframework.beans.factory.support.AbstractBeanFactory$1.getObject()Ljava/lang/Object;+16
j  org.springframework.beans.factory.support.DefaultSingletonBeanRegistry.getSingleton(Ljava/lang/String;Lorg/springframework/beans/factory/ObjectFactory;)Ljava/lang/Object;+132
J 3327 C1 org.springframework.beans.factory.support.AbstractBeanFactory.doGetBean(Ljava/lang/String;Ljava/lang/Class;[Ljava/lang/Object;Z)Ljava/lang/Object; (727 bytes) @ 0x020791bc [0x02078e30+0x38c]
j  org.springframework.beans.factory.support.AbstractBeanFactory.getBean(Ljava/lang/String;)Ljava/lang/Object;+5
j  org.springframework.beans.factory.support.DefaultListableBeanFactory.preInstantiateSingletons()V+231
j  org.springframework.context.support.AbstractApplicationContext.finishBeanFactoryInitialization(Lorg/springframework/beans/factory/config/ConfigurableListableBeanFactory;)V+126
j  org.springframework.context.support.AbstractApplicationContext.refresh()V+54
j  org.springframework.boot.context.embedded.EmbeddedWebApplicationContext.refresh()V+1
j  org.springframework.boot.SpringApplication.refresh(Lorg/springframework/context/ApplicationContext;)V+10
j  org.springframework.boot.SpringApplication.refreshContext(Lorg/springframework/context/ConfigurableApplicationContext;)V+2
j  org.springframework.boot.SpringApplication.run([Ljava/lang/String;)Lorg/springframework/context/ConfigurableApplicationContext;+91
j  org.springframework.boot.SpringApplication.run([Ljava/lang/Object;[Ljava/lang/String;)Lorg/springframework/context/ConfigurableApplicationContext;+9
j  org.springframework.boot.SpringApplication.run(Ljava/lang/Object;[Ljava/lang/String;)Lorg/springframework/context/ConfigurableApplicationContext;+9
j  com.springBoot.vitrine0.Vitrine0Application.main([Ljava/lang/String;)V+3
v  ~StubRoutines::call_stub
V  [jvm.dll+0x15a2e5]
V  [jvm.dll+0x21ff6e]
V  [jvm.dll+0x15a37e]
V  [jvm.dll+0x166bc8]
V  [jvm.dll+0x166e33]
V  [jvm.dll+0x103623]
C  [java.dll+0x3b26]
J 2387 C1 sun.reflect.NativeMethodAccessorImpl.invoke(Ljava/lang/Object;[Ljava/lang/Object;)Ljava/lang/Object; (104 bytes) @ 0x01f6f0a4 [0x01f6ee00+0x2a4]
J 476 C1 sun.reflect.DelegatingMethodAccessorImpl.invoke(Ljava/lang/Object;[Ljava/lang/Object;)Ljava/lang/Object; (10 bytes) @ 0x01c7d400 [0x01c7d3d0+0x30]
J 475 C1 java.lang.reflect.Method.invoke(Ljava/lang/Object;[Ljava/lang/Object;)Ljava/lang/Object; (62 bytes) @ 0x01c7d114 [0x01c7d040+0xd4]
j  org.springframework.boot.devtools.restart.RestartLauncher.run()V+41
v  ~StubRoutines::call_stub
V  [jvm.dll+0x15a2e5]
V  [jvm.dll+0x21ff6e]
V  [jvm.dll+0x15a37e]
V  [jvm.dll+0x15a506]
V  [jvm.dll+0x15a577]
V  [jvm.dll+0xfe92f]
V  [jvm.dll+0x17d7dc]
V  [jvm.dll+0x17d8ca]
V  [jvm.dll+0x1c1ed6]
C  [msvcr100.dll+0x5c556]
C  [msvcr100.dll+0x5c600]
C  [kernel32.dll+0x4ef1c]
C  [ntdll.dll+0x6367a]
C  [ntdll.dll+0x6364d]
C  0x00000000


---------------  P R O C E S S  ---------------

Java Threads: ( => current thread )
  0x16cd6400 JavaThread "Tomcat JDBC Pool Cleaner[30502547:1498519883406]" daemon [_thread_blocked, id=1000, stack(0x15600000,0x15650000)]
  0x16cd1800 JavaThread "container-0" [_thread_blocked, id=616, stack(0x14370000,0x143c0000)]
  0x16cd4c00 JavaThread "ContainerBackgroundProcessor[StandardEngine[Tomcat]]" daemon [_thread_blocked, id=3868, stack(0x15b00000,0x15b50000)]
  0x16cd2000 JavaThread "localhost-startStop-1" daemon [_thread_blocked, id=4068, stack(0x176e0000,0x17730000)]
  0x16cd7800 JavaThread "Tomcat-startStop-1" daemon [_thread_blocked, id=3372, stack(0x17af0000,0x17b40000)]
=>0x16cd7000 JavaThread "restartedMain" [_thread_in_Java, id=2884, stack(0x15b60000,0x15bb0000)]
  0x16cd6c00 JavaThread "Thread-6" [_thread_blocked, id=2296, stack(0x187e0000,0x18830000)]
  0x16cd2400 JavaThread "DestroyJavaVM" [_thread_blocked, id=1372, stack(0x01800000,0x01850000)]
  0x16bd0800 JavaThread "Live Reload Server" daemon [_thread_in_native, id=2792, stack(0x18640000,0x18690000)]
  0x168e4400 JavaThread "Abandoned connection cleanup thread" daemon [_thread_blocked, id=4004, stack(0x17be0000,0x17c30000)]
  0x1416c000 JavaThread "Service Thread" daemon [_thread_blocked, id=3444, stack(0x14410000,0x14460000)]
  0x14151000 JavaThread "C1 CompilerThread0" daemon [_thread_blocked, id=3616, stack(0x14600000,0x14650000)]
  0x1414fc00 JavaThread "Attach Listener" daemon [_thread_blocked, id=2220, stack(0x147b0000,0x14800000)]
  0x1414cc00 JavaThread "Signal Dispatcher" daemon [_thread_blocked, id=3152, stack(0x14700000,0x14750000)]
  0x1412b400 JavaThread "Finalizer" daemon [_thread_blocked, id=3512, stack(0x14320000,0x14370000)]
  0x14105c00 JavaThread "Reference Handler" daemon [_thread_blocked, id=280, stack(0x143c0000,0x14410000)]

Other Threads:
  0x140ff800 VMThread [stack: 0x144b0000,0x14500000] [id=1208]
  0x14146000 WatcherThread [stack: 0x14800000,0x14850000] [id=3984]

VM state:not at safepoint (normal execution)

VM Mutex/Monitor currently owned by a thread: None

Heap:
 def new generation   total 18240K, used 4323K [0x03c00000, 0x04fc0000, 0x09150000)
  eden space 16256K,  17% used [0x03c00000, 0x03ed1fb8, 0x04be0000)
  from space 1984K,  72% used [0x04dd0000, 0x04f36e80, 0x04fc0000)
  to   space 1984K,   0% used [0x04be0000, 0x04be0000, 0x04dd0000)
 tenured generation   total 40364K, used 34999K [0x09150000, 0x0b8bb000, 0x13c00000)
   the space 40364K,  86% used [0x09150000, 0x0b37dcb8, 0x0b37de00, 0x0b8bb000)
 Metaspace       used 33469K, capacity 33798K, committed 33920K, reserved 34176K

Card table byte_map: [0x13c00000,0x13c90000] byte_map_base: 0x13be2000

Polling page: 0x00370000

CodeCache: size=32768Kb used=5681Kb max_used=5728Kb free=27086Kb
 bounds [0x01b20000, 0x020c0000, 0x03b20000]
 total_blobs=2920 nmethods=2466 adapters=385
 compilation: enabled

Compilation events (10 events):
Event: 301.732 Thread 0x14151000 3726             org.springframework.beans.factory.support.AutowireUtils::isExcludedFromDependencyCheck (57 bytes)
Event: 301.735 Thread 0x14151000 nmethod 3726 0x01dea188 code [0x01dea2e0, 0x01dea508]
Event: 301.747 Thread 0x14151000 3727   !         com.sun.proxy.$Proxy41::annotationType (29 bytes)
Event: 301.748 Thread 0x14151000 nmethod 3727 0x01df23c8 code [0x01df24e0, 0x01df2678]
Event: 301.762 Thread 0x14151000 3728             java.lang.Class$MethodArray::getFirst (36 bytes)
Event: 301.763 Thread 0x14151000 nmethod 3728 0x01df0c48 code [0x01df0d40, 0x01df0e00]
Event: 301.771 Thread 0x14151000 3729             org.springframework.beans.factory.support.AbstractAutowireCapableBeanFactory::isExcludedFromDependencyCheck (40 bytes)
Event: 301.772 Thread 0x14151000 nmethod 3729 0x01de9e48 code [0x01de9f70, 0x01dea0b0]
Event: 301.786 Thread 0x14151000 3730             java.lang.reflect.Proxy::isProxyClass (25 bytes)
Event: 301.788 Thread 0x14151000 nmethod 3730 0x01df1d88 code [0x01df1ed0, 0x01df20fc]

GC Heap History (10 events):
Event: 295.098 GC heap before
{Heap before GC invocations=128 (full 5):
 def new generation   total 18240K, used 17305K [0x03c00000, 0x04fc0000, 0x09150000)
  eden space 16256K, 100% used [0x03c00000, 0x04be0000, 0x04be0000)
  from space 1984K,  52% used [0x04be0000, 0x04ce6728, 0x04dd0000)
  to   space 1984K,   0% used [0x04dd0000, 0x04dd0000, 0x04fc0000)
 tenured generation   total 40364K, used 28725K [0x09150000, 0x0b8bb000, 0x13c00000)
   the space 40364K,  71% used [0x09150000, 0x0ad5d750, 0x0ad5d800, 0x0b8bb000)
 Metaspace       used 33053K, capacity 33334K, committed 33408K, reserved 34176K
Event: 295.124 GC heap after
Heap after GC invocations=129 (full 5):
 def new generation   total 18240K, used 1255K [0x03c00000, 0x04fc0000, 0x09150000)
  eden space 16256K,   0% used [0x03c00000, 0x03c00000, 0x04be0000)
  from space 1984K,  63% used [0x04dd0000, 0x04f09fc8, 0x04fc0000)
  to   space 1984K,   0% used [0x04be0000, 0x04be0000, 0x04dd0000)
 tenured generation   total 40364K, used 29209K [0x09150000, 0x0b8bb000, 0x13c00000)
   the space 40364K,  72% used [0x09150000, 0x0add67f0, 0x0add6800, 0x0b8bb000)
 Metaspace       used 33053K, capacity 33334K, committed 33408K, reserved 34176K
}
Event: 296.069 GC heap before
{Heap before GC invocations=129 (full 5):
 def new generation   total 18240K, used 17511K [0x03c00000, 0x04fc0000, 0x09150000)
  eden space 16256K, 100% used [0x03c00000, 0x04be0000, 0x04be0000)
  from space 1984K,  63% used [0x04dd0000, 0x04f09fc8, 0x04fc0000)
  to   space 1984K,   0% used [0x04be0000, 0x04be0000, 0x04dd0000)
 tenured generation   total 40364K, used 29209K [0x09150000, 0x0b8bb000, 0x13c00000)
   the space 40364K,  72% used [0x09150000, 0x0add67f0, 0x0add6800, 0x0b8bb000)
 Metaspace       used 33180K, capacity 33477K, committed 33536K, reserved 34176K
Event: 296.120 GC heap after
Heap after GC invocations=130 (full 5):
 def new generation   total 18240K, used 1984K [0x03c00000, 0x04fc0000, 0x09150000)
  eden space 16256K,   0% used [0x03c00000, 0x03c00000, 0x04be0000)
  from space 1984K, 100% used [0x04be0000, 0x04dd0000, 0x04dd0000)
  to   space 1984K,   0% used [0x04dd0000, 0x04dd0000, 0x04fc0000)
 tenured generation   total 40364K, used 30662K [0x09150000, 0x0b8bb000, 0x13c00000)
   the space 40364K,  75% used [0x09150000, 0x0af41a20, 0x0af41c00, 0x0b8bb000)
 Metaspace       used 33180K, capacity 33477K, committed 33536K, reserved 34176K
}
Event: 299.337 GC heap before
{Heap before GC invocations=130 (full 5):
 def new generation   total 18240K, used 18240K [0x03c00000, 0x04fc0000, 0x09150000)
  eden space 16256K, 100% used [0x03c00000, 0x04be0000, 0x04be0000)
  from space 1984K, 100% used [0x04be0000, 0x04dd0000, 0x04dd0000)
  to   space 1984K,   0% used [0x04dd0000, 0x04dd0000, 0x04fc0000)
 tenured generation   total 40364K, used 30662K [0x09150000, 0x0b8bb000, 0x13c00000)
   the space 40364K,  75% used [0x09150000, 0x0af41a20, 0x0af41c00, 0x0b8bb000)
 Metaspace       used 33210K, capacity 33516K, committed 33664K, reserved 34176K
Event: 299.380 GC heap after
Heap after GC invocations=131 (full 5):
 def new generation   total 18240K, used 1116K [0x03c00000, 0x04fc0000, 0x09150000)
  eden space 16256K,   0% used [0x03c00000, 0x03c00000, 0x04be0000)
  from space 1984K,  56% used [0x04dd0000, 0x04ee7008, 0x04fc0000)
  to   space 1984K,   0% used [0x04be0000, 0x04be0000, 0x04dd0000)
 tenured generation   total 40364K, used 32628K [0x09150000, 0x0b8bb000, 0x13c00000)
   the space 40364K,  80% used [0x09150000, 0x0b12d240, 0x0b12d400, 0x0b8bb000)
 Metaspace       used 33210K, capacity 33516K, committed 33664K, reserved 34176K
}
Event: 300.400 GC heap before
{Heap before GC invocations=131 (full 5):
 def new generation   total 18240K, used 17372K [0x03c00000, 0x04fc0000, 0x09150000)
  eden space 16256K, 100% used [0x03c00000, 0x04be0000, 0x04be0000)
  from space 1984K,  56% used [0x04dd0000, 0x04ee7008, 0x04fc0000)
  to   space 1984K,   0% used [0x04be0000, 0x04be0000, 0x04dd0000)
 tenured generation   total 40364K, used 32628K [0x09150000, 0x0b8bb000, 0x13c00000)
   the space 40364K,  80% used [0x09150000, 0x0b12d240, 0x0b12d400, 0x0b8bb000)
 Metaspace       used 33439K, capacity 33768K, committed 33792K, reserved 34176K
Event: 300.439 GC heap after
Heap after GC invocations=132 (full 5):
 def new generation   total 18240K, used 1312K [0x03c00000, 0x04fc0000, 0x09150000)
  eden space 16256K,   0% used [0x03c00000, 0x03c00000, 0x04be0000)
  from space 1984K,  66% used [0x04be0000, 0x04d28018, 0x04dd0000)
  to   space 1984K,   0% used [0x04dd0000, 0x04dd0000, 0x04fc0000)
 tenured generation   total 40364K, used 33714K [0x09150000, 0x0b8bb000, 0x13c00000)
   the space 40364K,  83% used [0x09150000, 0x0b23c840, 0x0b23ca00, 0x0b8bb000)
 Metaspace       used 33439K, capacity 33768K, committed 33792K, reserved 34176K
}
Event: 301.590 GC heap before
{Heap before GC invocations=132 (full 5):
 def new generation   total 18240K, used 17568K [0x03c00000, 0x04fc0000, 0x09150000)
  eden space 16256K, 100% used [0x03c00000, 0x04be0000, 0x04be0000)
  from space 1984K,  66% used [0x04be0000, 0x04d28018, 0x04dd0000)
  to   space 1984K,   0% used [0x04dd0000, 0x04dd0000, 0x04fc0000)
 tenured generation   total 40364K, used 33714K [0x09150000, 0x0b8bb000, 0x13c00000)
   the space 40364K,  83% used [0x09150000, 0x0b23c840, 0x0b23ca00, 0x0b8bb000)
 Metaspace       used 33469K, capacity 33798K, committed 33920K, reserved 34176K
Event: 301.634 GC heap after
Heap after GC invocations=133 (full 5):
 def new generation   total 18240K, used 1435K [0x03c00000, 0x04fc0000, 0x09150000)
  eden space 16256K,   0% used [0x03c00000, 0x03c00000, 0x04be0000)
  from space 1984K,  72% used [0x04dd0000, 0x04f36e80, 0x04fc0000)
  to   space 1984K,   0% used [0x04be0000, 0x04be0000, 0x04dd0000)
 tenured generation   total 40364K, used 34999K [0x09150000, 0x0b8bb000, 0x13c00000)
   the space 40364K,  86% used [0x09150000, 0x0b37dcb8, 0x0b37de00, 0x0b8bb000)
 Metaspace       used 33469K, capacity 33798K, committed 33920K, reserved 34176K
}

Deoptimization events (0 events):
No events

Internal exceptions (10 events):
Event: 301.710 Thread 0x16cd7000 Exception <a 'java/lang/ClassNotFoundException': nz/net/ultraq/thymeleaf/decorators/TitlePatternProcessorCustomizer> (0x03d3b4e8) thrown at [C:\re\workspace\8-2-build-windows-i586-cygwin\jdk8u101\7261\hotspot\src\share\vm\classfile\systemDictionary.cpp, li&¼R„Ûr@
Event: 301.720 Thread 0x16cd7000 Exception <a 'java/lang/ClassNotFoundException': nz/net/ultraq/thymeleaf/LayoutDialectBeanInfo> (0x03d77f28) thrown at [C:\re\workspace\8-2-build-windows-i586-cygwin\jdk8u101\7261\hotspot\src\share\vm\classfile\systemDictionary.cpp, line 210]
Event: 301.722 Thread 0x16cd7000 Exception <a 'java/lang/ClassNotFoundException': org/thymeleaf/dialect/AbstractDialectBeanInfo> (0x03d89448) thrown at [C:\re\workspace\8-2-build-windows-i586-cygwin\jdk8u101\7261\hotspot\src\share\vm\classfile\systemDictionary.cpp, line 210]
Event: 301.724 Thread 0x16cd7000 Exception <a 'java/lang/ClassNotFoundException': org/thymeleaf/dialect/AbstractDialectCustomizer> (0x03d9b200) thrown at [C:\re\workspace\8-2-build-windows-i586-cygwin\jdk8u101\7261\hotspot\src\share\vm\classfile\systemDictionary.cpp, line 210]
Event: 301.724 Thread 0x16cd7000 Exception <a 'java/lang/ArrayIndexOutOfBoundsException'> (0x03d9d3e8) thrown at [C:\re\workspace\8-2-build-windows-i586-cygwin\jdk8u101\7261\hotspot\src\share\vm\runtime\sharedRuntime.cpp, line 605]
Event: 301.725 Thread 0x16cd7000 Exception <a 'java/lang/ArrayIndexOutOfBoundsException'> (0x03d9ef38) thrown at [C:\re\workspace\8-2-build-windows-i586-cygwin\jdk8u101\7261\hotspot\src\share\vm\runtime\sharedRuntime.cpp, line 605]
Event: 301.725 Thread 0x16cd7000 Exception <a 'java/lang/ArrayIndexOutOfBoundsException'> (0x03da0be0) thrown at [C:\re\workspace\8-2-build-windows-i586-cygwin\jdk8u101\7261\hotspot\src\share\vm\runtime\sharedRuntime.cpp, line 605]
Event: 301.725 Thread 0x16cd7000 Exception <a 'java/lang/ArrayIndexOutOfBoundsException'> (0x03da2940) thrown at [C:\re\workspace\8-2-build-windows-i586-cygwin\jdk8u101\7261\hotspot\src\share\vm\runtime\sharedRuntime.cpp, line 605]
Event: 301.728 Thread 0x16cd7000 Exception <a 'java/lang/ClassNotFoundException': nz/net/ultraq/thymeleaf/LayoutDialectCustomizer> (0x03db8c48) thrown at [C:\re\workspace\8-2-build-windows-i586-cygwin\jdk8u101\7261\hotspot\src\share\vm\classfile\systemDictionary.cpp, line 210]
Event: 301.729 Thread 0x16cd7000 Exception <a 'java/lang/ArrayIndexOutOfBoundsException'> (0x03dbd388) thrown at [C:\re\workspace\8-2-build-windows-i586-cygwin\jdk8u101\7261\hotspot\src\share\vm\runtime\sharedRuntime.cpp, line 605]

Events (10 events):
Event: 301.723 loading class org/thymeleaf/dialect/AbstractDialectCustomizer
Event: 301.723 loading class org/thymeleaf/dialect/AbstractDialectCustomizer done
Event: 301.724 loading class org/thymeleaf/dialect/AbstractDialectCustomizer
Event: 301.724 loading class org/thymeleaf/dialect/AbstractDialectCustomizer done
Event: 301.726 loading class nz/net/ultraq/thymeleaf/LayoutDialectCustomizer
Event: 301.726 loading class nz/net/ultraq/thymeleaf/LayoutDialectCustomizer done
Event: 301.727 loading class nz/net/ultraq/thymeleaf/LayoutDialectCustomizer
Event: 301.727 loading class nz/net/ultraq/thymeleaf/LayoutDialectCustomizer done
Event: 301.728 loading class nz/net/ultraq/thymeleaf/LayoutDialectCustomizer
Event: 301.728 loading class nz/net/ultraq/thymeleaf/LayoutDialectCustomizer done


Dynamic libraries:
0x00380000 - 0x003b3000 	C:\Program Files\Java\jdk1.8.0_101\bin\java.exe
0x77530000 - 0x77672000 	C:\Windows\SYSTEM32\ntdll.dll
0x75df0000 - 0x75ec5000 	C:\Windows\system32\kernel32.dll
0x75770000 - 0x757bb000 	C:\Windows\system32\KERNELBASE.dll
0x76100000 - 0x761a1000 	C:\Windows\system32\ADVAPI32.dll
0x75af0000 - 0x75b9c000 	C:\Windows\system32\msvcrt.dll
0x77680000 - 0x77699000 	C:\Windows\SYSTEM32\sechost.dll
0x772c0000 - 0x77362000 	C:\Windows\system32\RPCRT4.dll
0x776b0000 - 0x77779000 	C:\Windows\system32\USER32.dll
0x75da0000 - 0x75dee000 	C:\Windows\system32\GDI32.dll
0x757c0000 - 0x757ca000 	C:\Windows\system32\LPK.dll
0x75810000 - 0x758ad000 	C:\Windows\system32\USP10.dll
0x74390000 - 0x7452e000 	C:\Windows\WinSxS\x86_microsoft.windows.common-controls_6595b64144ccf1df_6.0.7601.18837_none_41e855142bd5705d\COMCTL32.dll
0x77370000 - 0x773c7000 	C:\Windows\system32\SHLWAPI.dll
0x75d40000 - 0x75d5f000 	C:\Windows\system32\IMM32.DLL
0x75ee0000 - 0x75fad000 	C:\Windows\system32\MSCTF.dll
0x6b0a0000 - 0x6b15f000 	C:\Program Files\Java\jdk1.8.0_101\jre\bin\msvcr100.dll
0x69340000 - 0x6970c000 	C:\Program Files\Java\jdk1.8.0_101\jre\bin\client\jvm.dll
0x738a0000 - 0x738a7000 	C:\Windows\system32\WSOCK32.dll
0x757d0000 - 0x75805000 	C:\Windows\system32\WS2_32.dll
0x75ed0000 - 0x75ed6000 	C:\Windows\system32\NSI.dll
0x737f0000 - 0x73822000 	C:\Windows\system32\WINMM.dll
0x74930000 - 0x74939000 	C:\Windows\system32\VERSION.dll
0x75d60000 - 0x75d65000 	C:\Windows\system32\PSAPI.DLL
0x71f00000 - 0x71f0c000 	C:\Program Files\Java\jdk1.8.0_101\jre\bin\verify.dll
0x70fb0000 - 0x70fd1000 	C:\Program Files\Java\jdk1.8.0_101\jre\bin\java.dll
0x71ee0000 - 0x71ef3000 	C:\Program Files\Java\jdk1.8.0_101\jre\bin\zip.dll
0x76390000 - 0x76fdb000 	C:\Windows\system32\SHELL32.dll
0x773d0000 - 0x7752d000 	C:\Windows\system32\ole32.dll
0x75490000 - 0x7549b000 	C:\Windows\system32\profapi.dll
0x6b460000 - 0x6b46a000 	C:\Program Files\Java\jdk1.8.0_101\jre\bin\management.dll
0x71df0000 - 0x71e06000 	C:\Program Files\Java\jdk1.8.0_101\jre\bin\net.dll
0x74e90000 - 0x74ecc000 	C:\Windows\system32\mswsock.dll
0x74e80000 - 0x74e86000 	C:\Windows\System32\wship6.dll
0x73620000 - 0x73630000 	C:\Windows\system32\NLAapi.dll
0x73a00000 - 0x73a10000 	C:\Windows\system32\napinsp.dll
0x72ba0000 - 0x72bb2000 	C:\Windows\system32\pnrpnsp.dll
0x74d50000 - 0x74d94000 	C:\Windows\system32\DNSAPI.dll
0x738b0000 - 0x738b8000 	C:\Windows\System32\winrnr.dll
0x72550000 - 0x7255d000 	C:\Windows\system32\wshbth.dll
0x749c0000 - 0x749c5000 	C:\Windows\System32\wshtcpip.dll
0x71cb0000 - 0x71ccc000 	C:\Windows\system32\IPHLPAPI.DLL
0x71c90000 - 0x71c97000 	C:\Windows\system32\WINNSI.DLL
0x6ff10000 - 0x6ff16000 	C:\Windows\system32\rasadhlp.dll
0x719e0000 - 0x71a18000 	C:\Windows\System32\fwpuclnt.dll
0x6df20000 - 0x6df2f000 	C:\Program Files\Java\jdk1.8.0_101\jre\bin\nio.dll
0x74ed0000 - 0x74ee7000 	C:\Windows\system32\CRYPTSP.dll
0x74c60000 - 0x74c9b000 	C:\Windows\system32\rsaenh.dll
0x755f0000 - 0x75607000 	C:\Windows\system32\USERENV.dll
0x753b0000 - 0x753bc000 	C:\Windows\system32\CRYPTBASE.dll
0x71b00000 - 0x71b12000 	C:\Windows\system32\dhcpcsvc.DLL
0x71790000 - 0x7179d000 	C:\Windows\system32\dhcpcsvc6.DLL
0x6de10000 - 0x6defb000 	C:\Windows\system32\dbghelp.dll

VM Arguments:
java_command: com.springBoot.vitrine0.Vitrine0Application
java_class_path (initial): D:\Master2ISS\Stage2016-2017\Code_Vitrine\BonCode\vitrine0\target\classes;C:\Users\DJEPANG\.m2\repository\org\springframework\boot\spring-boot-starter-thymeleaf\1.4.2.RELEASE\spring-boot-starter-thymeleaf-1.4.2.RELEASE.jar;C:\Users\DJEPANG\.m2\repository\org\springframework\boot\spring-boot-starter\1.4.2.RELEASE\spring-boot-starter-1.4.2.RELEASE.jar;C:\Users\DJEPANG\.m2\repository\org\springframework\boot\spring-boot-starter-logging\1.4.2.RELEASE\spring-boot-starter-logging-1.4.2.RELEASE.jar;C:\Users\DJEPANG\.m2\repository\ch\qos\logback\logback-classic\1.1.7\logback-classic-1.1.7.jar;C:\Users\DJEPANG\.m2\repository\ch\qos\logback\logback-core\1.1.7\logback-core-1.1.7.jar;C:\Users\DJEPANG\.m2\repository\org\slf4j\jul-to-slf4j\1.7.21\jul-to-slf4j-1.7.21.jar;C:\Users\DJEPANG\.m2\repository\org\slf4j\log4j-over-slf4j\1.7.21\log4j-over-slf4j-1.7.21.jar;C:\Users\DJEPANG\.m2\repository\org\yaml\snakeyaml\1.17\snakeyaml-1.17.jar;C:\Users\DJEPANG\.m2\repository\org\thymeleaf\thymeleaf-spring4\2.1.5.RELEASE\thymeleaf-spring4-2.1.5.RELEASE.jar;C:\Users\DJEPANG\.m2\repository\org\thymeleaf\thymeleaf\2.1.5.RELEASE\thymeleaf-2.1.5.RELEASE.jar;C:\Users\DJEPANG\.m2\repository\ognl\ognl\3.0.8\ognl-3.0.8.jar;C:\Users\DJEPANG\.m2\repository\org\unbescape\unbescape\1.1.0.RELEASE\unbescape-1.1.0.RELEASE.jar;C:\Users\DJEPANG\.m2\repository\org\slf4j\slf4j-api\1.7.21\slf4j-api-1.7.21.jar;C:\Users\DJEPANG\.m2\repository\nz\net\ultraq\thymeleaf\thymeleaf-layout-dialect\1.4.0\thymeleaf-layout-dialect-1.4.0.jar;C:\Users\DJEPANG\.m2\repository\org\codehaus\groovy\groovy\2.4.7\groovy-2.4.7.jar;C:\Users\DJEPANG\.m2\repository\org\springframework\boot\spring-boot-starter-data-jpa\1.4.2.RELEASE\spring-boot-starter-data-jpa-1.4.2.RELEASE.jar;C:\Users\DJEPANG\.m2\repository\org\springframework\boot\spring-boot-starter-aop\1.4.2.RELEASE\spring-boot-starter-aop-1.4.2.RELEASE.jar;C:\Users\DJEPANG\.m2\repository\org\springframework\spring-aop\4.3.4.RELEASE\spring-aop-4.3.4.
Launcher Type: SUN_STANDARD

Environment Variables:
JAVA_HOME=C:\Program Files\Java\jdk1.8.0_101
PATH=C:\ProgramData\Oracle\Java\javapath;C:\Windows\system32;C:\Windows;C:\Windows\System32\Wbem;C:\Windows\System32\WindowsPowerShell\v1.0\;C:\Program Files\Skype\Phone\
USERNAME=DJEPANG
OS=Windows_NT
PROCESSOR_IDENTIFIER=x86 Family 6 Model 23 Stepping 6, GenuineIntel



---------------  S Y S T E M  ---------------

OS: Windows 7 Build 7601 (6.1.7601.23392)

CPU:total 2 (2 cores per cpu, 1 threads per core) family 6 model 23 stepping 6, cmov, cx8, fxsr, mmx, sse, sse2, sse3, ssse3, sse4.1, tsc

Memory: 4k page, physical 2086884k(553884k free), swap 4173768k(1357588k free)

vm_info: Java HotSpot(TM) Client VM (25.101-b13) for windows-x86 JRE (1.8.0_101-b13), built on Jun 22 2016 00:45:44 by "java_re" with MS VC++ 10.0 (VS2010)

time: Tue Jun 27 01:31:30 2017
elapsed time: 302 seconds (0d 0h 5m 2s)

